-------------------------------------------------------------------------------
Test set: com.hhu.filter.CheckFilterContextTest
-------------------------------------------------------------------------------
Tests run: 1, Failures: 0, Errors: 1, Skipped: 0, Time elapsed: 6.881 s <<< FAILURE! - in com.hhu.filter.CheckFilterContextTest
check  Time elapsed: 0.001 s  <<< ERROR!
org.springframework.beans.factory.BeanCreationException: Error creating bean with name 'com.hhu.filter.CheckFilterContextTest': Injection of resource dependencies failed; nested exception is org.springframework.beans.factory.NoSuchBeanDefinitionException: No qualifying bean of type 'com.hhu.filter.CheckFilterContext' available: expected at least 1 bean which qualifies as autowire candidate. Dependency annotations: {@javax.annotation.Resource(shareable=true, lookup=, name=, description=, authenticationType=CONTAINER, type=class java.lang.Object, mappedName=)}
Caused by: org.springframework.beans.factory.NoSuchBeanDefinitionException: No qualifying bean of type 'com.hhu.filter.CheckFilterContext' available: expected at least 1 bean which qualifies as autowire candidate. Dependency annotations: {@javax.annotation.Resource(shareable=true, lookup=, name=, description=, authenticationType=CONTAINER, type=class java.lang.Object, mappedName=)}

